\BOOKMARK [0][-]{chapter.1}{\376\377\0001\000\040\004\030\004\065\004\100\004\060\004\100\004\105\004\070\004\107\004\065\004\101\004\072\004\070\004\071\000\040\004\101\004\077\004\070\004\101\004\076\004\072\000\040\004\072\004\073\004\060\004\101\004\101\004\076\004\062}{}% 1
\BOOKMARK [1][-]{section.1.1}{\376\377\0001\000.\0001\000\040\004\030\004\065\004\100\004\060\004\100\004\105\004\070\004\117\000\040\004\072\004\073\004\060\004\101\004\101\004\076\004\062}{chapter.1}% 2
\BOOKMARK [0][-]{chapter.2}{\376\377\0002\000\040\004\020\004\073\004\104\004\060\004\062\004\070\004\102\004\075\004\113\004\071\000\040\004\103\004\072\004\060\004\067\004\060\004\102\004\065\004\073\004\114\000\040\004\072\004\073\004\060\004\101\004\101\004\076\004\062}{}% 3
\BOOKMARK [1][-]{section.2.1}{\376\377\0002\000.\0001\000\040\004\032\004\073\004\060\004\101\004\101\004\113}{chapter.2}% 4
\BOOKMARK [0][-]{chapter.3}{\376\377\0003\000\040\004\041\004\077\004\070\004\101\004\076\004\072\000\040\004\104\004\060\004\071\004\073\004\076\004\062}{}% 5
\BOOKMARK [1][-]{section.3.1}{\376\377\0003\000.\0001\000\040\004\044\004\060\004\071\004\073\004\113}{chapter.3}% 6
\BOOKMARK [0][-]{chapter.4}{\376\377\0004\000\040\004\032\004\073\004\060\004\101\004\101\004\113}{}% 7
\BOOKMARK [1][-]{section.4.1}{\376\377\0004\000.\0001\000\040\004\032\004\073\004\060\004\101\004\101\000\040\000A\000r\000g\000s\000D\000e\000c\000o\000d\000e\000E\000r\000r\000o\000r}{chapter.4}% 8
\BOOKMARK [1][-]{section.4.2}{\376\377\0004\000.\0002\000\040\004\032\004\073\004\060\004\101\004\101\000\040\000A\000u\000t\000h\000E\000r\000r\000o\000r}{chapter.4}% 9
\BOOKMARK [2][-]{subsection.4.2.1}{\376\377\0004\000.\0002\000.\0001\000\040\004\037\004\076\004\064\004\100\004\076\004\061\004\075\004\076\004\065\000\040\004\076\004\077\004\070\004\101\004\060\004\075\004\070\004\065}{section.4.2}% 10
\BOOKMARK [2][-]{subsection.4.2.2}{\376\377\0004\000.\0002\000.\0002\000\040\004\032\004\076\004\075\004\101\004\102\004\100\004\103\004\072\004\102\004\076\004\100\000\050\004\113\000\051}{section.4.2}% 11
\BOOKMARK [3][-]{subsubsection.4.2.2.1}{\376\377\0004\000.\0002\000.\0002\000.\0001\000\040\000A\000u\000t\000h\000E\000r\000r\000o\000r\000\050\000\051}{subsection.4.2.2}% 12
\BOOKMARK [1][-]{section.4.3}{\376\377\0004\000.\0003\000\040\004\032\004\073\004\060\004\101\004\101\000\040\000B\000a\000s\000i\000c\000C\000l\000i\000e\000n\000t\000E\000r\000r\000o\000r}{chapter.4}% 13
\BOOKMARK [2][-]{subsection.4.3.1}{\376\377\0004\000.\0003\000.\0001\000\040\004\037\004\076\004\064\004\100\004\076\004\061\004\075\004\076\004\065\000\040\004\076\004\077\004\070\004\101\004\060\004\075\004\070\004\065}{section.4.3}% 14
\BOOKMARK [2][-]{subsection.4.3.2}{\376\377\0004\000.\0003\000.\0002\000\040\004\032\004\076\004\075\004\101\004\102\004\100\004\103\004\072\004\102\004\076\004\100\000\050\004\113\000\051}{section.4.3}% 15
\BOOKMARK [3][-]{subsubsection.4.3.2.1}{\376\377\0004\000.\0003\000.\0002\000.\0001\000\040\000B\000a\000s\000i\000c\000C\000l\000i\000e\000n\000t\000E\000r\000r\000o\000r\000\050\000\051}{subsection.4.3.2}% 16
\BOOKMARK [2][-]{subsection.4.3.3}{\376\377\0004\000.\0003\000.\0003\000\040\004\034\004\065\004\102\004\076\004\064\004\113}{section.4.3}% 17
\BOOKMARK [3][-]{subsubsection.4.3.3.1}{\376\377\0004\000.\0003\000.\0003\000.\0001\000\040\000w\000h\000a\000t\000\050\000\051}{subsection.4.3.3}% 18
\BOOKMARK [1][-]{section.4.4}{\376\377\0004\000.\0004\000\040\004\032\004\073\004\060\004\101\004\101\000\040\000C\000r\000y\000p\000t\000M\000a\000n}{chapter.4}% 19
\BOOKMARK [2][-]{subsection.4.4.1}{\376\377\0004\000.\0004\000.\0001\000\040\004\037\004\076\004\064\004\100\004\076\004\061\004\075\004\076\004\065\000\040\004\076\004\077\004\070\004\101\004\060\004\075\004\070\004\065}{section.4.4}% 20
\BOOKMARK [2][-]{subsection.4.4.2}{\376\377\0004\000.\0004\000.\0002\000\040\004\034\004\065\004\102\004\076\004\064\004\113}{section.4.4}% 21
\BOOKMARK [3][-]{subsubsection.4.4.2.1}{\376\377\0004\000.\0004\000.\0002\000.\0001\000\040\000g\000e\000t\000\137\000h\000a\000s\000h\000\050\000\051}{subsection.4.4.2}% 22
\BOOKMARK [3][-]{subsubsection.4.4.2.2}{\376\377\0004\000.\0004\000.\0002\000.\0002\000\040\000g\000e\000t\000\137\000s\000a\000l\000t\000\050\000\051}{subsection.4.4.2}% 23
\BOOKMARK [1][-]{section.4.5}{\376\377\0004\000.\0005\000\040\004\032\004\073\004\060\004\101\004\101\000\040\000F\000i\000l\000e\000N\000o\000t\000F\000o\000u\000n\000d\000E\000r\000r\000o\000r}{chapter.4}% 24
\BOOKMARK [2][-]{subsection.4.5.1}{\376\377\0004\000.\0005\000.\0001\000\040\004\037\004\076\004\064\004\100\004\076\004\061\004\075\004\076\004\065\000\040\004\076\004\077\004\070\004\101\004\060\004\075\004\070\004\065}{section.4.5}% 25
\BOOKMARK [2][-]{subsection.4.5.2}{\376\377\0004\000.\0005\000.\0002\000\040\004\032\004\076\004\075\004\101\004\102\004\100\004\103\004\072\004\102\004\076\004\100\000\050\004\113\000\051}{section.4.5}% 26
\BOOKMARK [3][-]{subsubsection.4.5.2.1}{\376\377\0004\000.\0005\000.\0002\000.\0001\000\040\000F\000i\000l\000e\000N\000o\000t\000F\000o\000u\000n\000d\000E\000r\000r\000o\000r\000\050\000\051}{subsection.4.5.2}% 27
\BOOKMARK [1][-]{section.4.6}{\376\377\0004\000.\0006\000\040\004\032\004\073\004\060\004\101\004\101\000\040\000I\000n\000v\000a\000l\000i\000d\000D\000a\000t\000a\000F\000o\000r\000m\000a\000t\000E\000r\000r\000o\000r}{chapter.4}% 28
\BOOKMARK [2][-]{subsection.4.6.1}{\376\377\0004\000.\0006\000.\0001\000\040\004\037\004\076\004\064\004\100\004\076\004\061\004\075\004\076\004\065\000\040\004\076\004\077\004\070\004\101\004\060\004\075\004\070\004\065}{section.4.6}% 29
\BOOKMARK [2][-]{subsection.4.6.2}{\376\377\0004\000.\0006\000.\0002\000\040\004\032\004\076\004\075\004\101\004\102\004\100\004\103\004\072\004\102\004\076\004\100\000\050\004\113\000\051}{section.4.6}% 30
\BOOKMARK [3][-]{subsubsection.4.6.2.1}{\376\377\0004\000.\0006\000.\0002\000.\0001\000\040\000I\000n\000v\000a\000l\000i\000d\000D\000a\000t\000a\000F\000o\000r\000m\000a\000t\000E\000r\000r\000o\000r\000\050\000\051}{subsection.4.6.2}% 31
\BOOKMARK [1][-]{section.4.7}{\376\377\0004\000.\0007\000\040\004\032\004\073\004\060\004\101\004\101\000\040\000I\000O\000M\000a\000n}{chapter.4}% 32
\BOOKMARK [2][-]{subsection.4.7.1}{\376\377\0004\000.\0007\000.\0001\000\040\004\037\004\076\004\064\004\100\004\076\004\061\004\075\004\076\004\065\000\040\004\076\004\077\004\070\004\101\004\060\004\075\004\070\004\065}{section.4.7}% 33
\BOOKMARK [2][-]{subsection.4.7.2}{\376\377\0004\000.\0007\000.\0002\000\040\004\032\004\076\004\075\004\101\004\102\004\100\004\103\004\072\004\102\004\076\004\100\000\050\004\113\000\051}{section.4.7}% 34
\BOOKMARK [3][-]{subsubsection.4.7.2.1}{\376\377\0004\000.\0007\000.\0002\000.\0001\000\040\000I\000O\000M\000a\000n\000\050\000\051}{subsection.4.7.2}% 35
\BOOKMARK [2][-]{subsection.4.7.3}{\376\377\0004\000.\0007\000.\0003\000\040\004\034\004\065\004\102\004\076\004\064\004\113}{section.4.7}% 36
\BOOKMARK [3][-]{subsubsection.4.7.3.1}{\376\377\0004\000.\0007\000.\0003\000.\0001\000\040\000c\000o\000n\000f\000\050\000\051}{subsection.4.7.3}% 37
\BOOKMARK [3][-]{subsubsection.4.7.3.2}{\376\377\0004\000.\0007\000.\0003\000.\0002\000\040\000r\000e\000a\000d\000\050\000\051}{subsection.4.7.3}% 38
\BOOKMARK [3][-]{subsubsection.4.7.3.3}{\376\377\0004\000.\0007\000.\0003\000.\0003\000\040\000w\000r\000i\000t\000e\000\050\000\051}{subsection.4.7.3}% 39
\BOOKMARK [1][-]{section.4.8}{\376\377\0004\000.\0008\000\040\004\032\004\073\004\060\004\101\004\101\000\040\000N\000e\000t\000M\000a\000n}{chapter.4}% 40
\BOOKMARK [2][-]{subsection.4.8.1}{\376\377\0004\000.\0008\000.\0001\000\040\004\037\004\076\004\064\004\100\004\076\004\061\004\075\004\076\004\065\000\040\004\076\004\077\004\070\004\101\004\060\004\075\004\070\004\065}{section.4.8}% 41
\BOOKMARK [2][-]{subsection.4.8.2}{\376\377\0004\000.\0008\000.\0002\000\040\004\032\004\076\004\075\004\101\004\102\004\100\004\103\004\072\004\102\004\076\004\100\000\050\004\113\000\051}{section.4.8}% 42
\BOOKMARK [3][-]{subsubsection.4.8.2.1}{\376\377\0004\000.\0008\000.\0002\000.\0001\000\040\000N\000e\000t\000M\000a\000n\000\050\000\051}{subsection.4.8.2}% 43
\BOOKMARK [2][-]{subsection.4.8.3}{\376\377\0004\000.\0008\000.\0003\000\040\004\034\004\065\004\102\004\076\004\064\004\113}{section.4.8}% 44
\BOOKMARK [3][-]{subsubsection.4.8.3.1}{\376\377\0004\000.\0008\000.\0003\000.\0001\000\040\000a\000u\000t\000h\000\050\000\051}{subsection.4.8.3}% 45
\BOOKMARK [3][-]{subsubsection.4.8.3.2}{\376\377\0004\000.\0008\000.\0003\000.\0002\000\040\000c\000a\000l\000c\000\050\000\051}{subsection.4.8.3}% 46
\BOOKMARK [3][-]{subsubsection.4.8.3.3}{\376\377\0004\000.\0008\000.\0003\000.\0003\000\040\000c\000o\000n\000n\000\050\000\051}{subsection.4.8.3}% 47
\BOOKMARK [3][-]{subsubsection.4.8.3.4}{\376\377\0004\000.\0008\000.\0003\000.\0004\000\040\000g\000e\000t\000A\000d\000d\000r\000e\000s\000s\000\050\000\051}{subsection.4.8.3}% 48
\BOOKMARK [3][-]{subsubsection.4.8.3.5}{\376\377\0004\000.\0008\000.\0003\000.\0005\000\040\000g\000e\000t\000P\000o\000r\000t\000\050\000\051}{subsection.4.8.3}% 49
\BOOKMARK [1][-]{section.4.9}{\376\377\0004\000.\0009\000\040\004\032\004\073\004\060\004\101\004\101\000\040\000N\000e\000t\000w\000o\000r\000k\000E\000r\000r\000o\000r}{chapter.4}% 50
\BOOKMARK [2][-]{subsection.4.9.1}{\376\377\0004\000.\0009\000.\0001\000\040\004\037\004\076\004\064\004\100\004\076\004\061\004\075\004\076\004\065\000\040\004\076\004\077\004\070\004\101\004\060\004\075\004\070\004\065}{section.4.9}% 51
\BOOKMARK [2][-]{subsection.4.9.2}{\376\377\0004\000.\0009\000.\0002\000\040\004\032\004\076\004\075\004\101\004\102\004\100\004\103\004\072\004\102\004\076\004\100\000\050\004\113\000\051}{section.4.9}% 52
\BOOKMARK [3][-]{subsubsection.4.9.2.1}{\376\377\0004\000.\0009\000.\0002\000.\0001\000\040\000N\000e\000t\000w\000o\000r\000k\000E\000r\000r\000o\000r\000\050\000\051}{subsection.4.9.2}% 53
\BOOKMARK [1][-]{section.4.10}{\376\377\0004\000.\0001\0000\000\040\004\032\004\073\004\060\004\101\004\101\000\040\000U\000s\000e\000r\000I\000n\000t\000e\000r\000f\000a\000c\000e}{chapter.4}% 54
\BOOKMARK [2][-]{subsection.4.10.1}{\376\377\0004\000.\0001\0000\000.\0001\000\040\004\037\004\076\004\064\004\100\004\076\004\061\004\075\004\076\004\065\000\040\004\076\004\077\004\070\004\101\004\060\004\075\004\070\004\065}{section.4.10}% 55
\BOOKMARK [2][-]{subsection.4.10.2}{\376\377\0004\000.\0001\0000\000.\0002\000\040\004\032\004\076\004\075\004\101\004\102\004\100\004\103\004\072\004\102\004\076\004\100\000\050\004\113\000\051}{section.4.10}% 56
\BOOKMARK [3][-]{subsubsection.4.10.2.1}{\376\377\0004\000.\0001\0000\000.\0002\000.\0001\000\040\000U\000s\000e\000r\000I\000n\000t\000e\000r\000f\000a\000c\000e\000\050\000\051}{subsection.4.10.2}% 57
\BOOKMARK [2][-]{subsection.4.10.3}{\376\377\0004\000.\0001\0000\000.\0003\000\040\004\034\004\065\004\102\004\076\004\064\004\113}{section.4.10}% 58
\BOOKMARK [3][-]{subsubsection.4.10.3.1}{\376\377\0004\000.\0001\0000\000.\0003\000.\0001\000\040\000g\000e\000t\000A\000d\000d\000r\000e\000s\000s\000\050\000\051}{subsection.4.10.3}% 59
\BOOKMARK [3][-]{subsubsection.4.10.3.2}{\376\377\0004\000.\0001\0000\000.\0003\000.\0002\000\040\000g\000e\000t\000C\000o\000n\000f\000i\000g\000F\000i\000l\000e\000P\000a\000t\000h\000\050\000\051}{subsection.4.10.3}% 60
\BOOKMARK [3][-]{subsubsection.4.10.3.3}{\376\377\0004\000.\0001\0000\000.\0003\000.\0003\000\040\000g\000e\000t\000I\000n\000p\000u\000t\000F\000i\000l\000e\000P\000a\000t\000h\000\050\000\051}{subsection.4.10.3}% 61
\BOOKMARK [3][-]{subsubsection.4.10.3.4}{\376\377\0004\000.\0001\0000\000.\0003\000.\0004\000\040\000g\000e\000t\000O\000u\000t\000p\000u\000t\000F\000i\000l\000e\000P\000a\000t\000h\000\050\000\051}{subsection.4.10.3}% 62
\BOOKMARK [3][-]{subsubsection.4.10.3.5}{\376\377\0004\000.\0001\0000\000.\0003\000.\0005\000\040\000g\000e\000t\000P\000o\000r\000t\000\050\000\051}{subsection.4.10.3}% 63
\BOOKMARK [0][-]{chapter.5}{\376\377\0005\000\040\004\044\004\060\004\071\004\073\004\113}{}% 64
\BOOKMARK [1][-]{section.5.1}{\376\377\0005\000.\0001\000\040\004\044\004\060\004\071\004\073\000\040\000/\000h\000o\000m\000e\000/\000s\000t\000u\000d\000e\000n\000t\000/\004\024\004\076\004\072\004\103\004\074\004\065\004\075\004\102\004\113\000/\000y\000a\000g\000o\000l\000n\000i\000c\000k\000i\000/\000c\000l\000i\000e\000n\000t\000/\000s\000o\000u\000r\000c\000e\000/\000m\000o\000d\000u\000l\000e\000s\000/\000i\000o\000m\000a\000n\000.\000h}{chapter.5}% 65
\BOOKMARK [2][-]{subsection.5.1.1}{\376\377\0005\000.\0001\000.\0001\000\040\004\037\004\076\004\064\004\100\004\076\004\061\004\075\004\076\004\065\000\040\004\076\004\077\004\070\004\101\004\060\004\075\004\070\004\065}{section.5.1}% 66
\BOOKMARK [1][-]{section.5.2}{\376\377\0005\000.\0002\000\040\000i\000o\000m\000a\000n\000.\000h}{chapter.5}% 67
\BOOKMARK [1][-]{section.5.3}{\376\377\0005\000.\0003\000\040\004\044\004\060\004\071\004\073\000\040\000/\000h\000o\000m\000e\000/\000s\000t\000u\000d\000e\000n\000t\000/\004\024\004\076\004\072\004\103\004\074\004\065\004\075\004\102\004\113\000/\000y\000a\000g\000o\000l\000n\000i\000c\000k\000i\000/\000c\000l\000i\000e\000n\000t\000/\000s\000o\000u\000r\000c\000e\000/\000m\000o\000d\000u\000l\000e\000s\000/\000u\000i\000.\000h}{chapter.5}% 68
\BOOKMARK [2][-]{subsection.5.3.1}{\376\377\0005\000.\0003\000.\0001\000\040\004\037\004\076\004\064\004\100\004\076\004\061\004\075\004\076\004\065\000\040\004\076\004\077\004\070\004\101\004\060\004\075\004\070\004\065}{section.5.3}% 69
\BOOKMARK [1][-]{section.5.4}{\376\377\0005\000.\0004\000\040\000u\000i\000.\000h}{chapter.5}% 70
\BOOKMARK [1][-]{section.5.5}{\376\377\0005\000.\0005\000\040\004\044\004\060\004\071\004\073\000\040\000/\000h\000o\000m\000e\000/\000s\000t\000u\000d\000e\000n\000t\000/\004\024\004\076\004\072\004\103\004\074\004\065\004\075\004\102\004\113\000/\000y\000a\000g\000o\000l\000n\000i\000c\000k\000i\000/\000c\000l\000i\000e\000n\000t\000/\000s\000o\000u\000r\000c\000e\000/\000m\000o\000d\000u\000l\000e\000s\000/\000e\000r\000r\000o\000r\000s\000.\000h}{chapter.5}% 71
\BOOKMARK [2][-]{subsection.5.5.1}{\376\377\0005\000.\0005\000.\0001\000\040\004\037\004\076\004\064\004\100\004\076\004\061\004\075\004\076\004\065\000\040\004\076\004\077\004\070\004\101\004\060\004\075\004\070\004\065}{section.5.5}% 72
\BOOKMARK [1][-]{section.5.6}{\376\377\0005\000.\0006\000\040\000e\000r\000r\000o\000r\000s\000.\000h}{chapter.5}% 73
\BOOKMARK [1][-]{section.5.7}{\376\377\0005\000.\0007\000\040\000c\000r\000y\000p\000t\000m\000a\000n\000.\000h}{chapter.5}% 74
\BOOKMARK [1][-]{section.5.8}{\376\377\0005\000.\0008\000\040\004\044\004\060\004\071\004\073\000\040\000/\000h\000o\000m\000e\000/\000s\000t\000u\000d\000e\000n\000t\000/\004\024\004\076\004\072\004\103\004\074\004\065\004\075\004\102\004\113\000/\000y\000a\000g\000o\000l\000n\000i\000c\000k\000i\000/\000c\000l\000i\000e\000n\000t\000/\000s\000o\000u\000r\000c\000e\000/\000m\000o\000d\000u\000l\000e\000s\000/\000n\000e\000t\000m\000a\000n\000.\000h}{chapter.5}% 75
\BOOKMARK [2][-]{subsection.5.8.1}{\376\377\0005\000.\0008\000.\0001\000\040\004\037\004\076\004\064\004\100\004\076\004\061\004\075\004\076\004\065\000\040\004\076\004\077\004\070\004\101\004\060\004\075\004\070\004\065}{section.5.8}% 76
\BOOKMARK [1][-]{section.5.9}{\376\377\0005\000.\0009\000\040\000n\000e\000t\000m\000a\000n\000.\000h}{chapter.5}% 77
\BOOKMARK [1][-]{section.5.10}{\376\377\0005\000.\0001\0000\000\040\004\044\004\060\004\071\004\073\000\040\000/\000h\000o\000m\000e\000/\000s\000t\000u\000d\000e\000n\000t\000/\004\024\004\076\004\072\004\103\004\074\004\065\004\075\004\102\004\113\000/\000y\000a\000g\000o\000l\000n\000i\000c\000k\000i\000/\000c\000l\000i\000e\000n\000t\000/\000s\000o\000u\000r\000c\000e\000/\000m\000a\000i\000n\000.\000c\000p\000p}{chapter.5}% 78
\BOOKMARK [2][-]{subsection.5.10.1}{\376\377\0005\000.\0001\0000\000.\0001\000\040\004\037\004\076\004\064\004\100\004\076\004\061\004\075\004\076\004\065\000\040\004\076\004\077\004\070\004\101\004\060\004\075\004\070\004\065}{section.5.10}% 79
\BOOKMARK [2][-]{subsection.5.10.2}{\376\377\0005\000.\0001\0000\000.\0002\000\040\004\044\004\103\004\075\004\072\004\106\004\070\004\070}{section.5.10}% 80
\BOOKMARK [3][-]{subsubsection.5.10.2.1}{\376\377\0005\000.\0001\0000\000.\0002\000.\0001\000\040\000m\000a\000i\000n\000\050\000\051}{subsection.5.10.2}% 81
\BOOKMARK [0][-]{section*.20}{\376\377\004\037\004\100\004\065\004\064\004\074\004\065\004\102\004\075\004\113\004\071\000\040\004\103\004\072\004\060\004\067\004\060\004\102\004\065\004\073\004\114}{}% 82
